<?xml version="1.0" encoding="UTF-8"?>
<!-- Generated by org.testng.reporters.JUnitReportReporter -->
<testsuite hostname="LAPTOP-EKCAP48F" name="com.jayanthi.testng.TeatNgDemo2" tests="2" failures="0" timestamp="19 Dec 2017 14:33:02 GMT" time="7.611" errors="0">
  <testcase name="bmain" time="4.271" classname="com.jayanthi.testng.TeatNgDemo2"/>
  <testcase name="amain" time="3.340" classname="com.jayanthi.testng.TeatNgDemo2"/>
</testsuite> <!-- com.jayanthi.testng.TeatNgDemo2 -->
