<?xml version="1.0" encoding="UTF-8"?>
<!-- Generated by org.testng.reporters.JUnitReportReporter -->
<testsuite hostname="LAPTOP-EKCAP48F" name="com.jayanthi.testng.GroupsDemo2" tests="3" failures="0" timestamp="30 Dec 2017 15:31:54 GMT" time="0.059" errors="0">
  <testcase name="m4" time="0.037" classname="com.jayanthi.testng.GroupsDemo2"/>
  <testcase name="m5" time="0.005" classname="com.jayanthi.testng.GroupsDemo2"/>
  <testcase name="m6" time="0.017" classname="com.jayanthi.testng.GroupsDemo2"/>
</testsuite> <!-- com.jayanthi.testng.GroupsDemo2 -->
