<?xml version="1.0" encoding="UTF-8"?>
<!-- Generated by org.testng.reporters.JUnitReportReporter -->
<testsuite hostname="LAPTOP-EKCAP48F" name="com.jayanthi.testng.TestNgDemo2" tests="3" failures="0" timestamp="30 Dec 2017 14:33:49 GMT" time="15.327" errors="0">
  <testcase name="bmain" time="3.883" classname="com.jayanthi.testng.TestNgDemo2"/>
  <testcase name="amain" time="3.274" classname="com.jayanthi.testng.TestNgDemo2"/>
  <testcase name="cmain" time="8.170" classname="com.jayanthi.testng.TestNgDemo2"/>
</testsuite> <!-- com.jayanthi.testng.TestNgDemo2 -->
