<?xml version="1.0" encoding="UTF-8"?>
<!-- Generated by org.testng.reporters.JUnitReportReporter -->
<testsuite hostname="LAPTOP-EKCAP48F" name="com.jayanthi.testng.DependsOnMethods" tests="3" failures="0" timestamp="1 Jan 2018 17:50:33 GMT" time="0.032" errors="0">
  <testcase name="cmain" time="0.004" classname="com.jayanthi.testng.DependsOnMethods"/>
  <testcase name="gmain" time="0.004" classname="com.jayanthi.testng.DependsOnMethods"/>
  <testcase name="bmain" time="0.024" classname="com.jayanthi.testng.DependsOnMethods"/>
</testsuite> <!-- com.jayanthi.testng.DependsOnMethods -->
