<?xml version="1.0" encoding="UTF-8"?>
<!-- Generated by org.testng.reporters.JUnitReportReporter -->
<testsuite hostname="LAPTOP-EKCAP48F" name="com.jayanthi.testng.TestNgTestcase2" tests="1" failures="0" timestamp="31 Dec 2017 05:35:10 GMT" time="20.035" errors="0">
  <testcase name="fbLogin" time="20.035" classname="com.jayanthi.testng.TestNgTestcase2"/>
</testsuite> <!-- com.jayanthi.testng.TestNgTestcase2 -->
