<?xml version="1.0" encoding="UTF-8"?>
<!-- Generated by org.testng.reporters.JUnitReportReporter -->
<testsuite hostname="LAPTOP-EKCAP48F" name="com.jayanthi.testng.DependsOnGroupsDemo" tests="2" failures="0" timestamp="19 Dec 2017 15:14:27 GMT" time="0.063" errors="0">
  <testcase name="TestLocation" time="0.063" classname="com.jayanthi.testng.DependsOnGroupsDemo"/>
  <testcase name="TestPrintWelcomeMessage" time="0.000" classname="com.jayanthi.testng.DependsOnGroupsDemo"/>
</testsuite> <!-- com.jayanthi.testng.DependsOnGroupsDemo -->
