<?xml version="1.0" encoding="UTF-8"?>
<!-- Generated by org.testng.reporters.JUnitReportReporter -->
<testsuite hostname="LAPTOP-EKCAP48F" name="com.jayanthi.testng.TestNgAnnotationsDemo" tests="2" failures="0" timestamp="19 Dec 2017 13:39:55 GMT" time="0.037" errors="0">
  <testcase name="testCase1" time="0.028" classname="com.jayanthi.testng.TestNgAnnotationsDemo"/>
  <testcase name="testcase2" time="0.009" classname="com.jayanthi.testng.TestNgAnnotationsDemo"/>
</testsuite> <!-- com.jayanthi.testng.TestNgAnnotationsDemo -->
