<?xml version="1.0" encoding="UTF-8"?>
<!-- Generated by org.testng.reporters.JUnitReportReporter -->
<testsuite hostname="LAPTOP-EKCAP48F" name="com.jayanthi.testng.TetNgTestcase1" tests="1" failures="0" timestamp="30 Dec 2017 15:00:15 GMT" time="16.548" errors="0">
  <testcase name="gmailLogin" time="16.548" classname="com.jayanthi.testng.TetNgTestcase1"/>
</testsuite> <!-- com.jayanthi.testng.TetNgTestcase1 -->
