<?xml version="1.0" encoding="UTF-8"?>
<!-- Generated by org.testng.reporters.JUnitReportReporter -->
<testsuite hostname="LAPTOP-EKCAP48F" name="com.jayanthi.testng.GroupsDemo1" tests="3" failures="0" timestamp="30 Dec 2017 15:18:41 GMT" time="0.041" errors="0">
  <testcase name="m1" time="0.034" classname="com.jayanthi.testng.GroupsDemo1"/>
  <testcase name="m2" time="0.004" classname="com.jayanthi.testng.GroupsDemo1"/>
  <testcase name="m3" time="0.003" classname="com.jayanthi.testng.GroupsDemo1"/>
</testsuite> <!-- com.jayanthi.testng.GroupsDemo1 -->
