<?xml version="1.0" encoding="UTF-8"?>
<!-- Generated by org.testng.reporters.JUnitReportReporter -->
<testsuite hostname="LAPTOP-EKCAP48F" name="com.jayanthi.testng.ParallelSuiteDemo" tests="2" failures="0" timestamp="20 Dec 2017 15:59:15 GMT" time="0.033" errors="0">
  <testcase name="testMethodOne" time="0.018" classname="com.jayanthi.testng.ParallelSuiteDemo"/>
  <testcase name="testMethodOne" time="0.015" classname="com.jayanthi.testng.ParallelSuiteDemo"/>
</testsuite> <!-- com.jayanthi.testng.ParallelSuiteDemo -->
