<?xml version="1.0" encoding="UTF-8"?>
<!-- Generated by org.testng.reporters.JUnitReportReporter -->
<testsuite hostname="LAPTOP-EKCAP48F" name="com.jayanthi.testng.TestNgTimeout" tests="1" failures="0" timestamp="30 Dec 2017 15:09:56 GMT" time="19.581" errors="0">
  <testcase name="amazon" time="19.581" classname="com.jayanthi.testng.TestNgTimeout"/>
</testsuite> <!-- com.jayanthi.testng.TestNgTimeout -->
